<?xml version="1.0" encoding="UTF-8"?>
<!-- Generated by org.testng.reporters.JUnitReportReporter -->
<testsuite hostname="Vinod-Acer" failures="0" tests="1" name="com.faronics.testCases.TC_LoginTest_001" time="31.437" errors="0" timestamp="08 Mar 2021 02:05:47 GMT" skipped="0">
  <testcase classname="com.faronics.testCases.TC_LoginTest_001" name="logintest" time="31.437"/>
</testsuite> <!-- com.faronics.testCases.TC_LoginTest_001 -->
